<?xml version="1.0" encoding="UTF-8"?>
<!-- Generated by org.testng.reporters.JUnitReportReporter -->
<testsuite hostname="BICWS0202-PC" name="testNgJenkins.TestJenkins" tests="2" failures="0" timestamp="4 Oct 2017 03:38:31 GMT" time="0.014" errors="0">
  <testcase name="executeFib" time="0.012" classname="testNgJenkins.TestJenkins"/>
  <testcase name="executeReverse" time="0.002" classname="testNgJenkins.TestJenkins"/>
</testsuite> <!-- testNgJenkins.TestJenkins -->
